ampl: model problem1.mod;
ampl: data problem1.dat;
ampl: expand;
minimize ScheduleCost:
	350*x[1,1] + 350*x[1,2] + 350*x[1,3] + 350*x[1,4] + 550*x[2,1] + 
	550*x[2,2] + 550*x[2,3] + 550*x[2,4];

subject to C1:
	450*x[1,1] + 1000*x[2,1] >= 7767;

subject to C2:
	450*x[1,1] + 450*x[1,2] + 1000*x[2,1] + 1000*x[2,2] >= 4851;

subject to C3:
	450*x[1,1] + 450*x[1,2] + 450*x[1,3] + 1000*x[2,2] + 1000*x[2,3] >= 
	3498;

subject to C4:
	450*x[1,2] + 450*x[1,3] + 450*x[1,4] + 1000*x[2,3] + 1000*x[2,4] >= 
	2732;

subject to C5[1]:
	x[1,1] + x[1,2] + x[1,3] + x[1,4] >= 3;

subject to C6[2]:
	x[2,1] + x[2,2] + x[2,3] + x[2,4] >= 2;

ampl: solve;
CPLEX 12.8.0.0: optimal integer solution; objective 6350
12 MIP simplex iterations
0 branch-and-bound nodes
ampl: display x;
x :=
1 1   4
1 2   0
1 3   0
1 4   0
2 1   6
2 2   0
2 3   3
2 4   0
;

ampl: 